<?xml version="1.0" encoding="UTF-8"?>
<!-- Generated by org.testng.reporters.JUnitReportReporter -->
<testsuite hostname="RajputWarrior" name="com.automation.library.DataProviderPractice" tests="3" failures="0" timestamp="23 Jul 2022 22:19:10 GMT" time="0.023" errors="0">
  <testcase name="DataMatrix" time="0.021" classname="com.automation.library.DataProviderPractice"/>
  <testcase name="DataMatrix" time="0.001" classname="com.automation.library.DataProviderPractice"/>
  <testcase name="DataMatrix" time="0.001" classname="com.automation.library.DataProviderPractice"/>
</testsuite> <!-- com.automation.library.DataProviderPractice -->
